Using pre-set license
Built from '2020.3/staging' branch; Version is '2020.3.3f1 (76626098c1c4) revision 7758432'; Using compiler version '192528614'; Build Type 'Release'
OS: 'Windows 10 Home Single Language; OS build 19043.1645; Version 2009; 64bit' Language: 'ru' Physical Memory: 16261 MB
BatchMode: 1, IsHumanControllingUs: 0, StartBugReporterOnCrash: 0, Is64bit: 1, IsPro: 0

 COMMAND LINE ARGUMENTS:
C:\Program Files\Unity\Hub\Editor\2020.3.3f1\Editor\Unity.exe
-adb2
-batchMode
-noUpm
-name
AssetImportWorker0
-projectPath
C:/Users/maksi/Desktop/Штучки/ДиР/Diplom/Diplom/Quaser/Quaser
-logFile
Logs/AssetImportWorker0.log
-srvPort
57776
Successfully changed project path to: C:/Users/maksi/Desktop/Штучки/ДиР/Diplom/Diplom/Quaser/Quaser
C:/Users/maksi/Desktop/Штучки/ДиР/Diplom/Diplom/Quaser/Quaser
Using Asset Import Pipeline V2.
Refreshing native plugins compatible for Editor in 62.83 ms, found 2 plugins.
Preloading 0 native plugins for Editor in 0.00 ms.
Initialize engine version: 2020.3.3f1 (76626098c1c4)
[Subsystems] Discovering subsystems at path C:/Program Files/Unity/Hub/Editor/2020.3.3f1/Editor/Data/Resources/UnitySubsystems
[Subsystems] Discovering subsystems at path C:/Users/maksi/Desktop/Штучки/ДиР/Diplom/Diplom/Quaser/Quaser/Assets
GfxDevice: creating device client; threaded=0
Direct3D:
    Version:  Direct3D 11.0 [level 11.1]
    Renderer: NVIDIA GeForce RTX 2070 with Max-Q Design (ID=0x1f10)
    Vendor:   
    VRAM:     8031 MB
    Driver:   27.21.14.5167
Initialize mono
Mono path[0] = 'C:/Program Files/Unity/Hub/Editor/2020.3.3f1/Editor/Data/Managed'
Mono path[1] = 'C:/Program Files/Unity/Hub/Editor/2020.3.3f1/Editor/Data/MonoBleedingEdge/lib/mono/unityjit'
Mono config path = 'C:/Program Files/Unity/Hub/Editor/2020.3.3f1/Editor/Data/MonoBleedingEdge/etc'
Using monoOptions --debugger-agent=transport=dt_socket,embedding=1,server=y,suspend=n,address=127.0.0.1:56784
Begin MonoManager ReloadAssembly
Registering precompiled unity dll's ...
Register platform support module: C:/Program Files/Unity/Hub/Editor/2020.3.3f1/Editor/Data/PlaybackEngines/WindowsStandaloneSupport/UnityEditor.WindowsStandalone.Extensions.dll
Registered in 0.004898 seconds.
Native extension for WindowsStandalone target not found
Refreshing native plugins compatible for Editor in 46.37 ms, found 2 plugins.
Preloading 0 native plugins for Editor in 0.00 ms.
Invoked RoslynAnalysisRunner static constructor.
RoslynAnalysisRunner will not be running.
RoslynAnalysisRunner has terminated.
Mono: successfully reloaded assembly
- Completed reload, in  4.127 seconds
Platform modules already initialized, skipping
Registering precompiled user dll's ...
Registered in 0.008894 seconds.
Begin MonoManager ReloadAssembly
Native extension for WindowsStandalone target not found
Refreshing native plugins compatible for Editor in 0.63 ms, found 2 plugins.
Preloading 0 native plugins for Editor in 0.00 ms.
Invoked RoslynAnalysisRunner static constructor.
RoslynAnalysisRunner will not be running.
RoslynAnalysisRunner has terminated.
Mono: successfully reloaded assembly
- Completed reload, in  1.962 seconds
Platform modules already initialized, skipping
========================================================================
Worker process is ready to serve import requests
Launched and connected shader compiler UnityShaderCompiler.exe after 0.07 seconds
Refreshing native plugins compatible for Editor in 0.41 ms, found 2 plugins.
Preloading 0 native plugins for Editor in 0.00 ms.
Unloading 1404 Unused Serialized files (Serialized files now loaded: 0)
System memory in use before: 80.8 MB.
System memory in use after: 80.9 MB.

Unloading 21 unused Assets to reduce memory usage. Loaded Objects now: 1868.
Total: 3.072300 ms (FindLiveObjects: 0.240000 ms CreateObjectMapping: 0.096200 ms MarkObjects: 2.619700 ms  DeleteObjects: 0.115000 ms)

========================================================================
Received Import Request.
  path: Assets/Scripts/Machine/Trajectory.cs
  artifactKey: Guid(16791d7f58d1d6b478da531cb078c016) Importer(815301076,1909f56bfc062723c751e8b465ee728b)
Start importing Assets/Scripts/Machine/Trajectory.cs using Guid(16791d7f58d1d6b478da531cb078c016) Importer(815301076,1909f56bfc062723c751e8b465ee728b)  -> (artifact id: 'df49cebd1f96aca66fde62bb0ff03e5d') in 0.108238 seconds
  Import took 0.112930 seconds .

========================================================================
Received Import Request.
  Time since last request: 45.760078 seconds.
  path: Assets/Scripts/Machine/Trajectory.cs
  artifactKey: Guid(16791d7f58d1d6b478da531cb078c016) Importer(815301076,1909f56bfc062723c751e8b465ee728b)
Start importing Assets/Scripts/Machine/Trajectory.cs using Guid(16791d7f58d1d6b478da531cb078c016) Importer(815301076,1909f56bfc062723c751e8b465ee728b)  -> (artifact id: '7247931ffe80966deda5f2819415bd5c') in 0.005579 seconds
  Import took 0.010005 seconds .

========================================================================
Received Import Request.
  Time since last request: 5.769856 seconds.
  path: Assets/Scripts/Machine/Trajectory.cs
  artifactKey: Guid(16791d7f58d1d6b478da531cb078c016) Importer(815301076,1909f56bfc062723c751e8b465ee728b)
Start importing Assets/Scripts/Machine/Trajectory.cs using Guid(16791d7f58d1d6b478da531cb078c016) Importer(815301076,1909f56bfc062723c751e8b465ee728b)  -> (artifact id: 'dacd7594fd988856c6423a1013edf84e') in 0.006749 seconds
  Import took 0.010599 seconds .

========================================================================
Received Prepare
Registering precompiled user dll's ...
Registered in 0.008283 seconds.
Begin MonoManager ReloadAssembly
Native extension for WindowsStandalone target not found
Refreshing native plugins compatible for Editor in 0.41 ms, found 2 plugins.
Preloading 0 native plugins for Editor in 0.00 ms.
Invoked RoslynAnalysisRunner static constructor.
RoslynAnalysisRunner will not be running.
RoslynAnalysisRunner has terminated.
Mono: successfully reloaded assembly
- Completed reload, in  1.587 seconds
Platform modules already initialized, skipping
Refreshing native plugins compatible for Editor in 0.42 ms, found 2 plugins.
Preloading 0 native plugins for Editor in 0.00 ms.
Unloading 1399 Unused Serialized files (Serialized files now loaded: 0)
System memory in use before: 80.8 MB.
System memory in use after: 80.9 MB.

Unloading 17 unused Assets to reduce memory usage. Loaded Objects now: 1871.
Total: 2.874900 ms (FindLiveObjects: 0.194100 ms CreateObjectMapping: 0.060500 ms MarkObjects: 2.526600 ms  DeleteObjects: 0.092800 ms)

========================================================================
Received Prepare
Registering precompiled user dll's ...
Registered in 0.009043 seconds.
Begin MonoManager ReloadAssembly
Native extension for WindowsStandalone target not found
Refreshing native plugins compatible for Editor in 0.48 ms, found 2 plugins.
Preloading 0 native plugins for Editor in 0.00 ms.
Invoked RoslynAnalysisRunner static constructor.
RoslynAnalysisRunner will not be running.
RoslynAnalysisRunner has terminated.
Mono: successfully reloaded assembly
- Completed reload, in  1.997 seconds
Platform modules already initialized, skipping
Refreshing native plugins compatible for Editor in 0.44 ms, found 2 plugins.
Preloading 0 native plugins for Editor in 0.00 ms.
Unloading 1420 Unused Serialized files (Serialized files now loaded: 0)
System memory in use before: 81.3 MB.
System memory in use after: 81.4 MB.

Unloading 17 unused Assets to reduce memory usage. Loaded Objects now: 1895.
Total: 3.675200 ms (FindLiveObjects: 0.385200 ms CreateObjectMapping: 0.120400 ms MarkObjects: 3.041800 ms  DeleteObjects: 0.123300 ms)

========================================================================
Received Import Request.
  Time since last request: 1265.090686 seconds.
  path: Assets/BinaryCharm/TextColorButtons
  artifactKey: Guid(8170dc4b420013044951e43ccfa65b11) Importer(815301076,1909f56bfc062723c751e8b465ee728b)
Start importing Assets/BinaryCharm/TextColorButtons using Guid(8170dc4b420013044951e43ccfa65b11) Importer(815301076,1909f56bfc062723c751e8b465ee728b)  -> (artifact id: 'fcb4390290309de30aba781628c40f74') in 0.012458 seconds
  Import took 0.016340 seconds .

========================================================================
Received Import Request.
  Time since last request: 0.002177 seconds.
  path: Assets/BinaryCharm/TextColorButtons
  artifactKey: Guid(8170dc4b420013044951e43ccfa65b11) Importer(815301076,1909f56bfc062723c751e8b465ee728b)
Start importing Assets/BinaryCharm/TextColorButtons using Guid(8170dc4b420013044951e43ccfa65b11) Importer(815301076,1909f56bfc062723c751e8b465ee728b)  -> (artifact id: 'fcb4390290309de30aba781628c40f74') in 0.004666 seconds
  Import took 0.007926 seconds .

========================================================================
Received Import Request.
  Time since last request: 3.554051 seconds.
  path: Assets/BinaryCharm/TextColorButtons/CHANGELOG.md
  artifactKey: Guid(c176ce500a431f240bdad70b23df4067) Importer(815301076,1909f56bfc062723c751e8b465ee728b)
Start importing Assets/BinaryCharm/TextColorButtons/CHANGELOG.md using Guid(c176ce500a431f240bdad70b23df4067) Importer(815301076,1909f56bfc062723c751e8b465ee728b)  -> (artifact id: 'fdd3c6b47ea4e8de0b27d5c230298beb') in 0.023037 seconds
  Import took 0.026408 seconds .

========================================================================
Received Import Request.
  Time since last request: 0.001273 seconds.
  path: Assets/BinaryCharm/TextColorButtons/CHANGELOG.md
  artifactKey: Guid(c176ce500a431f240bdad70b23df4067) Importer(815301076,1909f56bfc062723c751e8b465ee728b)
Start importing Assets/BinaryCharm/TextColorButtons/CHANGELOG.md using Guid(c176ce500a431f240bdad70b23df4067) Importer(815301076,1909f56bfc062723c751e8b465ee728b)  -> (artifact id: 'fdd3c6b47ea4e8de0b27d5c230298beb') in 0.005610 seconds
  Import took 0.010051 seconds .

========================================================================
Received Import Request.
  Time since last request: 0.561406 seconds.
  path: Assets/BinaryCharm/TextColorButtons/Documentation
  artifactKey: Guid(1bf0af52fc6903742bb8891463adc25c) Importer(815301076,1909f56bfc062723c751e8b465ee728b)
Start importing Assets/BinaryCharm/TextColorButtons/Documentation using Guid(1bf0af52fc6903742bb8891463adc25c) Importer(815301076,1909f56bfc062723c751e8b465ee728b)  -> (artifact id: '13c2ecd684d6e3496b2684cbf4c0f89a') in 0.009529 seconds
  Import took 0.013169 seconds .

========================================================================
Received Import Request.
  Time since last request: 0.575396 seconds.
  path: Assets/BinaryCharm/TextColorButtons/Demo
  artifactKey: Guid(26fdbb3f96a06bc489627b40b4a86782) Importer(815301076,1909f56bfc062723c751e8b465ee728b)
Start importing Assets/BinaryCharm/TextColorButtons/Demo using Guid(26fdbb3f96a06bc489627b40b4a86782) Importer(815301076,1909f56bfc062723c751e8b465ee728b)  -> (artifact id: '3f534d2eed5b876ea54599869f71cd0a') in 0.010154 seconds
  Import took 0.013249 seconds .

========================================================================
Received Import Request.
  Time since last request: 1.917188 seconds.
  path: Assets/BinaryCharm/TextColorButtons/Demo/Prefabs
  artifactKey: Guid(9d287a24fe778f846a3487360983b434) Importer(815301076,1909f56bfc062723c751e8b465ee728b)
Start importing Assets/BinaryCharm/TextColorButtons/Demo/Prefabs using Guid(9d287a24fe778f846a3487360983b434) Importer(815301076,1909f56bfc062723c751e8b465ee728b)  -> (artifact id: 'af8fa3b0d780600025bf242e7b1cc610') in 0.007657 seconds
  Import took 0.010936 seconds .

========================================================================
Received Import Request.
  Time since last request: 0.091273 seconds.
  path: Assets/BinaryCharm/TextColorButtons/Demo/Prefabs/DemoBlackRoundButton.prefab
  artifactKey: Guid(076118c6763dff3429e9b383d1c119da) Importer(815301076,1909f56bfc062723c751e8b465ee728b)
Start importing Assets/BinaryCharm/TextColorButtons/Demo/Prefabs/DemoBlackRoundButton.prefab using Guid(076118c6763dff3429e9b383d1c119da) Importer(815301076,1909f56bfc062723c751e8b465ee728b)  -> (artifact id: '171f67939ba4e47a9652dca4c916d388') in 0.083965 seconds
  Import took 0.088410 seconds .

========================================================================
Received Import Request.
  Time since last request: 0.000254 seconds.
  path: Assets/BinaryCharm/TextColorButtons/Demo/Prefabs/DemoFadingColorButton.prefab
  artifactKey: Guid(a20ea41449bdfbc4ba0d5d0647f7971a) Importer(815301076,1909f56bfc062723c751e8b465ee728b)
Start importing Assets/BinaryCharm/TextColorButtons/Demo/Prefabs/DemoFadingColorButton.prefab using Guid(a20ea41449bdfbc4ba0d5d0647f7971a) Importer(815301076,1909f56bfc062723c751e8b465ee728b)  -> (artifact id: 'c9e88e2f5e2bfeceee3d1c42ebb1ae2d') in 0.016080 seconds
  Import took 0.020059 seconds .

========================================================================
Received Import Request.
  Time since last request: 0.000280 seconds.
  path: Assets/BinaryCharm/TextColorButtons/Demo/Prefabs/DemoTextColorButton.prefab
  artifactKey: Guid(99968c7e863df7644ad6d539beb42929) Importer(815301076,1909f56bfc062723c751e8b465ee728b)
Start importing Assets/BinaryCharm/TextColorButtons/Demo/Prefabs/DemoTextColorButton.prefab using Guid(99968c7e863df7644ad6d539beb42929) Importer(815301076,1909f56bfc062723c751e8b465ee728b)  -> (artifact id: 'd02867dae6a75084b7ffa18d896d1bef') in 0.014720 seconds
  Import took 0.019422 seconds .

========================================================================
Received Import Request.
  Time since last request: 0.000287 seconds.
  path: Assets/BinaryCharm/TextColorButtons/Demo/Prefabs/DemoTMPTextColorButton.prefab
  artifactKey: Guid(e66ac6114166ed54995012ebaee224d0) Importer(815301076,1909f56bfc062723c751e8b465ee728b)
Start importing Assets/BinaryCharm/TextColorButtons/Demo/Prefabs/DemoTMPTextColorButton.prefab using Guid(e66ac6114166ed54995012ebaee224d0) Importer(815301076,1909f56bfc062723c751e8b465ee728b)  -> (artifact id: '262fd62c047952c3c1bcb378e7eb6af4') in 0.078424 seconds
  Import took 0.082302 seconds .

========================================================================
Received Import Request.
  Time since last request: 28.741476 seconds.
  path: Assets/BinaryCharm/TextColorButtons/Core
  artifactKey: Guid(cf4efa6216525c14298e845fb11b23df) Importer(815301076,1909f56bfc062723c751e8b465ee728b)
Start importing Assets/BinaryCharm/TextColorButtons/Core using Guid(cf4efa6216525c14298e845fb11b23df) Importer(815301076,1909f56bfc062723c751e8b465ee728b)  -> (artifact id: 'dd4b81c11d9727a01d762c3b06501d9e') in 0.009052 seconds
  Import took 0.012191 seconds .

========================================================================
Received Import Request.
  Time since last request: 1.122963 seconds.
  path: Assets/BinaryCharm/TextColorButtons/Core/Release
  artifactKey: Guid(7c3d480bebf8af04cbca21959c4fc415) Importer(815301076,1909f56bfc062723c751e8b465ee728b)
Start importing Assets/BinaryCharm/TextColorButtons/Core/Release using Guid(7c3d480bebf8af04cbca21959c4fc415) Importer(815301076,1909f56bfc062723c751e8b465ee728b)  -> (artifact id: '9310ba8c927a63d9e002496b5b7da18c') in 0.012790 seconds
  Import took 0.016424 seconds .

========================================================================
Received Import Request.
  Time since last request: 0.002058 seconds.
  path: Assets/BinaryCharm/TextColorButtons/Core/Release
  artifactKey: Guid(7c3d480bebf8af04cbca21959c4fc415) Importer(815301076,1909f56bfc062723c751e8b465ee728b)
Start importing Assets/BinaryCharm/TextColorButtons/Core/Release using Guid(7c3d480bebf8af04cbca21959c4fc415) Importer(815301076,1909f56bfc062723c751e8b465ee728b)  -> (artifact id: '9310ba8c927a63d9e002496b5b7da18c') in 0.004733 seconds
  Import took 0.008603 seconds .

========================================================================
Received Import Request.
  Time since last request: 1.099506 seconds.
  path: Assets/BinaryCharm/TextColorButtons/Core/Release/Prefabs
  artifactKey: Guid(ff8270a360a23f246aecced836158e72) Importer(815301076,1909f56bfc062723c751e8b465ee728b)
Start importing Assets/BinaryCharm/TextColorButtons/Core/Release/Prefabs using Guid(ff8270a360a23f246aecced836158e72) Importer(815301076,1909f56bfc062723c751e8b465ee728b)  -> (artifact id: '9305733e77dcd9927669f8f35944cdd0') in 0.004250 seconds
  Import took 0.008410 seconds .

========================================================================
Received Import Request.
  Time since last request: 0.142748 seconds.
  path: Assets/BinaryCharm/TextColorButtons/Core/Release/Prefabs/TextColorButton.prefab
  artifactKey: Guid(4b3e142098812324495cdb699d31d21d) Importer(815301076,1909f56bfc062723c751e8b465ee728b)
Start importing Assets/BinaryCharm/TextColorButtons/Core/Release/Prefabs/TextColorButton.prefab using Guid(4b3e142098812324495cdb699d31d21d) Importer(815301076,1909f56bfc062723c751e8b465ee728b)  -> (artifact id: '2fe7a95823c412805ffb0a3390c44fea') in 0.012362 seconds
  Import took 0.015669 seconds .

========================================================================
Received Import Request.
  Time since last request: 0.000368 seconds.
  path: Assets/BinaryCharm/TextColorButtons/Core/Release/Prefabs/TMP_TextColorButton.prefab
  artifactKey: Guid(f43e4f45bfb06d745940bcc6b422493b) Importer(815301076,1909f56bfc062723c751e8b465ee728b)
Start importing Assets/BinaryCharm/TextColorButtons/Core/Release/Prefabs/TMP_TextColorButton.prefab using Guid(f43e4f45bfb06d745940bcc6b422493b) Importer(815301076,1909f56bfc062723c751e8b465ee728b)  -> (artifact id: '3a724e83090b69d9cbd177da60fab55f') in 0.013335 seconds
  Import took 0.017054 seconds .

========================================================================
Received Prepare
Registering precompiled user dll's ...
Registered in 0.015536 seconds.
Begin MonoManager ReloadAssembly
Native extension for WindowsStandalone target not found
Refreshing native plugins compatible for Editor in 0.43 ms, found 2 plugins.
Preloading 0 native plugins for Editor in 0.00 ms.
Invoked RoslynAnalysisRunner static constructor.
RoslynAnalysisRunner will not be running.
RoslynAnalysisRunner has terminated.
Mono: successfully reloaded assembly
- Completed reload, in  1.704 seconds
Platform modules already initialized, skipping
Refreshing native plugins compatible for Editor in 0.49 ms, found 2 plugins.
Preloading 0 native plugins for Editor in 0.00 ms.
Unloading 1399 Unused Serialized files (Serialized files now loaded: 0)
System memory in use before: 81.0 MB.
System memory in use after: 81.1 MB.

Unloading 35 unused Assets to reduce memory usage. Loaded Objects now: 1883.
Total: 2.871400 ms (FindLiveObjects: 0.238100 ms CreateObjectMapping: 0.111500 ms MarkObjects: 2.406500 ms  DeleteObjects: 0.113500 ms)

========================================================================
Received Prepare
Registering precompiled user dll's ...
Registered in 0.010245 seconds.
Begin MonoManager ReloadAssembly
Native extension for WindowsStandalone target not found
Refreshing native plugins compatible for Editor in 0.64 ms, found 2 plugins.
Preloading 0 native plugins for Editor in 0.00 ms.
Invoked RoslynAnalysisRunner static constructor.
RoslynAnalysisRunner will not be running.
RoslynAnalysisRunner has terminated.
Mono: successfully reloaded assembly
- Completed reload, in  2.238 seconds
Platform modules already initialized, skipping
Refreshing native plugins compatible for Editor in 0.71 ms, found 2 plugins.
Preloading 0 native plugins for Editor in 0.00 ms.
Unloading 1399 Unused Serialized files (Serialized files now loaded: 0)
System memory in use before: 81.0 MB.
System memory in use after: 81.0 MB.

Unloading 17 unused Assets to reduce memory usage. Loaded Objects now: 1886.
Total: 3.182400 ms (FindLiveObjects: 0.302900 ms CreateObjectMapping: 0.100000 ms MarkObjects: 2.677100 ms  DeleteObjects: 0.100300 ms)

========================================================================
Received Prepare
Registering precompiled user dll's ...
Registered in 0.010341 seconds.
Begin MonoManager ReloadAssembly
Native extension for WindowsStandalone target not found
Refreshing native plugins compatible for Editor in 0.47 ms, found 2 plugins.
Preloading 0 native plugins for Editor in 0.00 ms.
Invoked RoslynAnalysisRunner static constructor.
RoslynAnalysisRunner will not be running.
RoslynAnalysisRunner has terminated.
Mono: successfully reloaded assembly
- Completed reload, in  1.720 seconds
Platform modules already initialized, skipping
Refreshing native plugins compatible for Editor in 0.42 ms, found 2 plugins.
Preloading 0 native plugins for Editor in 0.00 ms.
Unloading 1399 Unused Serialized files (Serialized files now loaded: 0)
System memory in use before: 81.0 MB.
System memory in use after: 81.0 MB.

Unloading 17 unused Assets to reduce memory usage. Loaded Objects now: 1889.
Total: 2.742700 ms (FindLiveObjects: 0.179200 ms CreateObjectMapping: 0.057700 ms MarkObjects: 2.417100 ms  DeleteObjects: 0.087100 ms)

========================================================================
Received Prepare
Registering precompiled user dll's ...
Registered in 0.012308 seconds.
Begin MonoManager ReloadAssembly
Native extension for WindowsStandalone target not found
Refreshing native plugins compatible for Editor in 0.41 ms, found 2 plugins.
Preloading 0 native plugins for Editor in 0.00 ms.
Invoked RoslynAnalysisRunner static constructor.
RoslynAnalysisRunner will not be running.
RoslynAnalysisRunner has terminated.
Mono: successfully reloaded assembly
- Completed reload, in  1.696 seconds
Platform modules already initialized, skipping
Refreshing native plugins compatible for Editor in 0.97 ms, found 2 plugins.
Preloading 0 native plugins for Editor in 0.00 ms.
Unloading 1399 Unused Serialized files (Serialized files now loaded: 0)
System memory in use before: 81.0 MB.
System memory in use after: 81.0 MB.

Unloading 17 unused Assets to reduce memory usage. Loaded Objects now: 1892.
Total: 3.175700 ms (FindLiveObjects: 0.232400 ms CreateObjectMapping: 0.070700 ms MarkObjects: 2.753300 ms  DeleteObjects: 0.117800 ms)

========================================================================
Received Import Request.
  Time since last request: 2166.995485 seconds.
  path: Assets/Resources/Patron.prefab
  artifactKey: Guid(75cc41b11ae913e438ad7bc7dcfe3a83) Importer(815301076,1909f56bfc062723c751e8b465ee728b)
Start importing Assets/Resources/Patron.prefab using Guid(75cc41b11ae913e438ad7bc7dcfe3a83) Importer(815301076,1909f56bfc062723c751e8b465ee728b)  -> (artifact id: 'ebb884e7321c09105f8fa50299534533') in 0.155482 seconds
  Import took 0.159894 seconds .

========================================================================
Received Import Request.
  Time since last request: 1.856403 seconds.
  path: Assets/Resources/Patron.prefab
  artifactKey: Guid(75cc41b11ae913e438ad7bc7dcfe3a83) Importer(815301076,1909f56bfc062723c751e8b465ee728b)
Start importing Assets/Resources/Patron.prefab using Guid(75cc41b11ae913e438ad7bc7dcfe3a83) Importer(815301076,1909f56bfc062723c751e8b465ee728b)  -> (artifact id: '19919af68ee8ac842d36f4bd8a660298') in 0.028341 seconds
  Import took 0.031798 seconds .

========================================================================
Received Import Request.
  Time since last request: 2.828920 seconds.
  path: Assets/Resources/Patron.prefab
  artifactKey: Guid(75cc41b11ae913e438ad7bc7dcfe3a83) Importer(815301076,1909f56bfc062723c751e8b465ee728b)
Start importing Assets/Resources/Patron.prefab using Guid(75cc41b11ae913e438ad7bc7dcfe3a83) Importer(815301076,1909f56bfc062723c751e8b465ee728b)  -> (artifact id: '4b55fca9bce9f5a45128818413371130') in 0.016661 seconds
  Import took 0.020189 seconds .

========================================================================
Received Import Request.
  Time since last request: 14.940437 seconds.
  path: Assets/Resources/Цанговый патрон.prefab
  artifactKey: Guid(247526ba25cfd494fa5d9b731c4bb54b) Importer(815301076,1909f56bfc062723c751e8b465ee728b)
Start importing Assets/Resources/Цанговый патрон.prefab using Guid(247526ba25cfd494fa5d9b731c4bb54b) Importer(815301076,1909f56bfc062723c751e8b465ee728b)  -> (artifact id: '5d6653ad0dc06007e3d4f54f55865867') in 0.020314 seconds
  Import took 0.024314 seconds .

========================================================================
Received Import Request.
  Time since last request: 1.377056 seconds.
  path: Assets/Resources/Цанговый патрон.prefab
  artifactKey: Guid(247526ba25cfd494fa5d9b731c4bb54b) Importer(815301076,1909f56bfc062723c751e8b465ee728b)
Start importing Assets/Resources/Цанговый патрон.prefab using Guid(247526ba25cfd494fa5d9b731c4bb54b) Importer(815301076,1909f56bfc062723c751e8b465ee728b)  -> (artifact id: '075f92123c439e93633f01c941d583ce') in 0.021551 seconds
  Import took 0.025700 seconds .

========================================================================
Received Import Request.
  Time since last request: 1.992657 seconds.
  path: Assets/Resources/Цанговый патрон.prefab
  artifactKey: Guid(247526ba25cfd494fa5d9b731c4bb54b) Importer(815301076,1909f56bfc062723c751e8b465ee728b)
Start importing Assets/Resources/Цанговый патрон.prefab using Guid(247526ba25cfd494fa5d9b731c4bb54b) Importer(815301076,1909f56bfc062723c751e8b465ee728b)  -> (artifact id: 'd3d9d3a66bfbacc4b0bc414d80234c9a') in 0.021772 seconds
  Import took 0.025657 seconds .

========================================================================
Received Prepare
Registering precompiled user dll's ...
Registered in 0.008597 seconds.
Begin MonoManager ReloadAssembly
Native extension for WindowsStandalone target not found
Refreshing native plugins compatible for Editor in 0.41 ms, found 2 plugins.
Preloading 0 native plugins for Editor in 0.00 ms.
Invoked RoslynAnalysisRunner static constructor.
RoslynAnalysisRunner will not be running.
RoslynAnalysisRunner has terminated.
Mono: successfully reloaded assembly
- Completed reload, in  1.570 seconds
Platform modules already initialized, skipping
Refreshing native plugins compatible for Editor in 0.47 ms, found 2 plugins.
Preloading 0 native plugins for Editor in 0.00 ms.
Unloading 1399 Unused Serialized files (Serialized files now loaded: 0)
System memory in use before: 84.1 MB.
System memory in use after: 84.2 MB.

Unloading 17 unused Assets to reduce memory usage. Loaded Objects now: 1903.
Total: 2.991000 ms (FindLiveObjects: 0.326200 ms CreateObjectMapping: 0.104600 ms MarkObjects: 2.463400 ms  DeleteObjects: 0.091500 ms)

========================================================================
Received Prepare
Registering precompiled user dll's ...
Registered in 0.008343 seconds.
Begin MonoManager ReloadAssembly
Native extension for WindowsStandalone target not found
Refreshing native plugins compatible for Editor in 0.83 ms, found 2 plugins.
Preloading 0 native plugins for Editor in 0.00 ms.
Invoked RoslynAnalysisRunner static constructor.
RoslynAnalysisRunner will not be running.
RoslynAnalysisRunner has terminated.
Mono: successfully reloaded assembly
- Completed reload, in  1.706 seconds
Platform modules already initialized, skipping
Refreshing native plugins compatible for Editor in 0.52 ms, found 2 plugins.
Preloading 0 native plugins for Editor in 0.00 ms.
Unloading 1399 Unused Serialized files (Serialized files now loaded: 0)
System memory in use before: 84.1 MB.
System memory in use after: 84.2 MB.

Unloading 17 unused Assets to reduce memory usage. Loaded Objects now: 1906.
Total: 2.972500 ms (FindLiveObjects: 0.198200 ms CreateObjectMapping: 0.073200 ms MarkObjects: 2.597500 ms  DeleteObjects: 0.102000 ms)

========================================================================
Received Import Request.
  Time since last request: 231.249198 seconds.
  path: Assets/Resources/Patron.prefab
  artifactKey: Guid(75cc41b11ae913e438ad7bc7dcfe3a83) Importer(815301076,1909f56bfc062723c751e8b465ee728b)
Start importing Assets/Resources/Patron.prefab using Guid(75cc41b11ae913e438ad7bc7dcfe3a83) Importer(815301076,1909f56bfc062723c751e8b465ee728b)  -> (artifact id: '0b555982ea7a4d2f94e3d9109261260d') in 0.091573 seconds
  Import took 0.095977 seconds .

========================================================================
Received Import Request.
  Time since last request: 1.871899 seconds.
  path: Assets/Resources/Patron.prefab
  artifactKey: Guid(75cc41b11ae913e438ad7bc7dcfe3a83) Importer(815301076,1909f56bfc062723c751e8b465ee728b)
Start importing Assets/Resources/Patron.prefab using Guid(75cc41b11ae913e438ad7bc7dcfe3a83) Importer(815301076,1909f56bfc062723c751e8b465ee728b)  -> (artifact id: 'b40780951f9897f2824503555fba161a') in 0.023300 seconds
  Import took 0.026971 seconds .

========================================================================
Received Import Request.
  Time since last request: 6.667361 seconds.
  path: Assets/Resources/Цанговый патрон.prefab
  artifactKey: Guid(247526ba25cfd494fa5d9b731c4bb54b) Importer(815301076,1909f56bfc062723c751e8b465ee728b)
Start importing Assets/Resources/Цанговый патрон.prefab using Guid(247526ba25cfd494fa5d9b731c4bb54b) Importer(815301076,1909f56bfc062723c751e8b465ee728b)  -> (artifact id: '21dfa2fb6f8cbfef575019e3a0359484') in 0.022158 seconds
  Import took 0.025672 seconds .

========================================================================
Received Import Request.
  Time since last request: 1.212764 seconds.
  path: Assets/Resources/Цанговый патрон.prefab
  artifactKey: Guid(247526ba25cfd494fa5d9b731c4bb54b) Importer(815301076,1909f56bfc062723c751e8b465ee728b)
Start importing Assets/Resources/Цанговый патрон.prefab using Guid(247526ba25cfd494fa5d9b731c4bb54b) Importer(815301076,1909f56bfc062723c751e8b465ee728b)  -> (artifact id: 'c5dfa1457ce53a677142755c49c40ef4') in 0.016922 seconds
  Import took 0.021309 seconds .

========================================================================
Received Prepare
Registering precompiled user dll's ...
Registered in 0.009100 seconds.
Begin MonoManager ReloadAssembly
Native extension for WindowsStandalone target not found
Refreshing native plugins compatible for Editor in 0.43 ms, found 2 plugins.
Preloading 0 native plugins for Editor in 0.00 ms.
Invoked RoslynAnalysisRunner static constructor.
RoslynAnalysisRunner will not be running.
RoslynAnalysisRunner has terminated.
Mono: successfully reloaded assembly
- Completed reload, in  1.657 seconds
Platform modules already initialized, skipping
Refreshing native plugins compatible for Editor in 0.43 ms, found 2 plugins.
Preloading 0 native plugins for Editor in 0.00 ms.
Unloading 1399 Unused Serialized files (Serialized files now loaded: 0)
System memory in use before: 84.1 MB.
System memory in use after: 84.2 MB.

Unloading 17 unused Assets to reduce memory usage. Loaded Objects now: 1910.
Total: 3.080100 ms (FindLiveObjects: 0.241500 ms CreateObjectMapping: 0.076000 ms MarkObjects: 2.675300 ms  DeleteObjects: 0.086200 ms)

========================================================================
Received Prepare
Registering precompiled user dll's ...
Registered in 0.007843 seconds.
Begin MonoManager ReloadAssembly
Native extension for WindowsStandalone target not found
Refreshing native plugins compatible for Editor in 0.41 ms, found 2 plugins.
Preloading 0 native plugins for Editor in 0.00 ms.
Invoked RoslynAnalysisRunner static constructor.
RoslynAnalysisRunner will not be running.
RoslynAnalysisRunner has terminated.
Mono: successfully reloaded assembly
- Completed reload, in  1.580 seconds
Platform modules already initialized, skipping
Refreshing native plugins compatible for Editor in 0.42 ms, found 2 plugins.
Preloading 0 native plugins for Editor in 0.00 ms.
Unloading 1399 Unused Serialized files (Serialized files now loaded: 0)
System memory in use before: 84.1 MB.
System memory in use after: 84.2 MB.

Unloading 17 unused Assets to reduce memory usage. Loaded Objects now: 1913.
Total: 3.057400 ms (FindLiveObjects: 0.306000 ms CreateObjectMapping: 0.118500 ms MarkObjects: 2.543500 ms  DeleteObjects: 0.088200 ms)

========================================================================
Received Prepare
Registering precompiled user dll's ...
Registered in 0.013242 seconds.
Begin MonoManager ReloadAssembly
Native extension for WindowsStandalone target not found
Refreshing native plugins compatible for Editor in 0.59 ms, found 2 plugins.
Preloading 0 native plugins for Editor in 0.00 ms.
Invoked RoslynAnalysisRunner static constructor.
RoslynAnalysisRunner will not be running.
RoslynAnalysisRunner has terminated.
Mono: successfully reloaded assembly
- Completed reload, in  1.953 seconds
Platform modules already initialized, skipping
Refreshing native plugins compatible for Editor in 0.56 ms, found 2 plugins.
Preloading 0 native plugins for Editor in 0.00 ms.
Unloading 1399 Unused Serialized files (Serialized files now loaded: 0)
System memory in use before: 84.1 MB.
System memory in use after: 84.2 MB.

Unloading 17 unused Assets to reduce memory usage. Loaded Objects now: 1916.
Total: 3.706700 ms (FindLiveObjects: 0.248400 ms CreateObjectMapping: 0.074000 ms MarkObjects: 3.265800 ms  DeleteObjects: 0.116500 ms)

AssetImportWorkerClient::OnTransportError - code=2 error=End of file
